<?xml version="1.0" encoding="utf-8"?><testsuites name="pytest tests"><testsuite name="pytest" errors="0" failures="1" skipped="2" tests="16" time="2.093" timestamp="2026-06-06T04:56:03.682204+00:00" hostname="agent-env-7c6afdbc-43c6-4af9-a5c2-1310aca61fb5"><testcase classname="backend.tests.test_bucket1a_song_checkin.TestPublicInvitationView" name="test_invitation_public_view_has_new_fields" time="0.256" /><testcase classname="backend.tests.test_bucket1a_song_checkin.TestSongRequests" name="test_post_song_request_valid" time="0.057" /><testcase classname="backend.tests.test_bucket1a_song_checkin.TestSongRequests" name="test_post_song_request_empty_title_returns_422" time="0.048" /><testcase classname="backend.tests.test_bucket1a_song_checkin.TestSongRequests" name="test_post_song_request_rate_limit_429" time="0.201" /><testcase classname="backend.tests.test_bucket1a_song_checkin.TestSongRequests" name="test_post_song_request_disabled_profile_returns_403" time="0.406"><skipped type="pytest.skip" message="Could not create temp profile for negative test: 422 {&quot;detail&quot;:[{&quot;type&quot;:&quot;missing&quot;,&quot;loc&quot;:[&quot;body&quot;,&quot;event_type&quot;],&quot;msg&quot;:&quot;Field required&quot;,&quot;input&quot;:{&quot;groom_name&quot;:&quot;TEST_GroomSR&quot;,&quot;bride_name&quot;:&quot;TEST_BrideSR&quot;,&quot;wedding_date&quot;:&quot;2026-12-12&quot;,&quot;venue_name&quot;:&quot;Test Hall&quot;,&quot;v">/app/backend/tests/test_bucket1a_song_checkin.py:148: Could not create temp profile for negative test: 422 {"detail":[{"type":"missing","loc":["body","event_type"],"msg":"Field required","input":{"groom_name":"TEST_GroomSR","bride_name":"TEST_BrideSR","wedding_date":"2026-12-12","venue_name":"Test Hall","v</skipped></testcase><testcase classname="backend.tests.test_bucket1a_song_checkin.TestSongRequests" name="test_get_songs_alias_returns_list" time="0.049" /><testcase classname="backend.tests.test_bucket1a_song_checkin.TestAdminSongRequests" name="test_admin_list_song_requests" time="0.138" /><testcase classname="backend.tests.test_bucket1a_song_checkin.TestAdminSongRequests" name="test_admin_list_song_requests_requires_auth" time="0.049" /><testcase classname="backend.tests.test_bucket1a_song_checkin.TestAdminSongRequests" name="test_admin_delete_song_request" time="0.275" /><testcase classname="backend.tests.test_bucket1a_song_checkin.TestCheckIns" name="test_check_in_valid" time="0.102" /><testcase classname="backend.tests.test_bucket1a_song_checkin.TestCheckIns" name="test_check_in_missing_name_returns_422" time="0.047" /><testcase classname="backend.tests.test_bucket1a_song_checkin.TestCheckIns" name="test_check_in_empty_name_returns_422" time="0.048" /><testcase classname="backend.tests.test_bucket1a_song_checkin.TestCheckIns" name="test_check_in_disabled_returns_403" time="0.113"><skipped type="pytest.skip" message="Could not create temp profile for negative test: 422 {&quot;detail&quot;:[{&quot;type&quot;:&quot;missing&quot;,&quot;loc&quot;:[&quot;body&quot;,&quot;event_type&quot;],&quot;msg&quot;:&quot;Field required&quot;,&quot;input&quot;:{&quot;groom_name&quot;:&quot;TEST_GroomCI&quot;,&quot;bride_name&quot;:&quot;TEST_BrideCI&quot;,&quot;wedding_date&quot;:&quot;2026-12-12&quot;,&quot;venue_name&quot;:&quot;Test Hall&quot;,&quot;v">/app/backend/tests/test_bucket1a_song_checkin.py:262: Could not create temp profile for negative test: 422 {"detail":[{"type":"missing","loc":["body","event_type"],"msg":"Field required","input":{"groom_name":"TEST_GroomCI","bride_name":"TEST_BrideCI","wedding_date":"2026-12-12","venue_name":"Test Hall","v</skipped></testcase><testcase classname="backend.tests.test_bucket1a_song_checkin.TestAdminCheckIns" name="test_admin_check_ins_list_with_stats" time="0.128" /><testcase classname="backend.tests.test_bucket1a_song_checkin.TestAdminCheckIns" name="test_admin_check_ins_requires_auth" time="0.046" /><testcase classname="backend.tests.test_bucket1a_song_checkin.TestCalendarIcs" name="test_calendar_ics_demo" time="0.047"><failure message="AssertionError: {&quot;detail&quot;:&quot;Invalid event type. Must be one of: engagement, haldi, mehendi, marriage, reception&quot;}&#10;assert 400 == 200&#10; +  where 400 = &lt;Response [400]&gt;.status_code">backend/tests/test_bucket1a_song_checkin.py:298: in test_calendar_ics_demo
    assert r.status_code == 200, r.text
E   AssertionError: {"detail":"Invalid event type. Must be one of: engagement, haldi, mehendi, marriage, reception"}
E   assert 400 == 200
E    +  where 400 = &lt;Response [400]&gt;.status_code</failure></testcase></testsuite></testsuites>