<?xml version="1.0" encoding="utf-8"?><testsuites name="pytest tests"><testsuite name="pytest" errors="0" failures="0" skipped="1" tests="9" time="1.406" timestamp="2026-06-05T08:03:40.162390+00:00" hostname="agent-env-0611ff8a-992b-4c3f-a398-f54d23492ef0"><testcase classname="backend.tests.test_user_purchase_wizard.TestPublicEndpoints" name="test_expiry_tiers" time="0.005" /><testcase classname="backend.tests.test_user_purchase_wizard.TestPublicEndpoints" name="test_addons_catalogue" time="0.004" /><testcase classname="backend.tests.test_user_purchase_wizard.TestPublicEndpoints" name="test_design_pricing" time="0.003" /><testcase classname="backend.tests.test_user_purchase_wizard.TestBuyAddon" name="test_buy_music_addon_happy_path" time="0.529" /><testcase classname="backend.tests.test_user_purchase_wizard.TestBuyAddon" name="test_buy_addon_idempotent" time="0.133" /><testcase classname="backend.tests.test_user_purchase_wizard.TestBuyAddon" name="test_buy_addon_unknown_profile" time="0.045" /><testcase classname="backend.tests.test_user_purchase_wizard.TestBuyAddon" name="test_buy_addon_unknown_addon" time="0.044" /><testcase classname="backend.tests.test_user_purchase_wizard.TestBuyAddon" name="test_buy_addon_no_auth" time="0.003" /><testcase classname="backend.tests.test_user_purchase_wizard.TestBuyAddon" name="test_buy_addon_insufficient_credits" time="0.476"><skipped type="pytest.skip" message="User had enough credits to buy every remaining addon — 402 path not exercised">/app/backend/tests/test_user_purchase_wizard.py:237: User had enough credits to buy every remaining addon — 402 path not exercised</skipped></testcase></testsuite></testsuites>