<?xml version="1.0" encoding="utf-8"?><testsuites name="pytest tests"><testsuite name="pytest" errors="0" failures="0" skipped="1" tests="12" time="1.470" timestamp="2026-06-05T08:18:57.433207+00:00" hostname="agent-env-0611ff8a-992b-4c3f-a398-f54d23492ef0"><testcase classname="backend.tests.test_user_purchase_wizard.TestPublicEndpoints" name="test_expiry_tiers" time="0.004" /><testcase classname="backend.tests.test_user_purchase_wizard.TestPublicEndpoints" name="test_addons_catalogue" time="0.004" /><testcase classname="backend.tests.test_user_purchase_wizard.TestPublicEndpoints" name="test_design_pricing" time="0.003" /><testcase classname="backend.tests.test_user_purchase_wizard.TestBuyAddon" name="test_buy_music_addon_happy_path" time="0.526" /><testcase classname="backend.tests.test_user_purchase_wizard.TestBuyAddon" name="test_buy_addon_idempotent" time="0.138" /><testcase classname="backend.tests.test_user_purchase_wizard.TestBuyAddon" name="test_buy_addon_unknown_profile" time="0.045" /><testcase classname="backend.tests.test_user_purchase_wizard.TestBuyAddon" name="test_buy_addon_unknown_addon" time="0.046" /><testcase classname="backend.tests.test_user_purchase_wizard.TestBuyAddon" name="test_buy_addon_no_auth" time="0.003" /><testcase classname="backend.tests.test_user_purchase_wizard.TestBuyAddon" name="test_buy_addon_empty_body_returns_422" time="0.045" /><testcase classname="backend.tests.test_user_purchase_wizard.TestBuyAddon" name="test_buy_addon_missing_addon_id_returns_422" time="0.045" /><testcase classname="backend.tests.test_user_purchase_wizard.TestBuyAddon" name="test_buy_addon_extra_unknown_fields_ok" time="0.046" /><testcase classname="backend.tests.test_user_purchase_wizard.TestBuyAddon" name="test_buy_addon_insufficient_credits" time="0.474"><skipped type="pytest.skip" message="User had enough credits to buy every remaining addon — 402 path not exercised">/app/backend/tests/test_user_purchase_wizard.py:271: User had enough credits to buy every remaining addon — 402 path not exercised</skipped></testcase></testsuite></testsuites>